<?xml version="1.0" encoding="utf-8"?><testsuites name="pytest tests"><testsuite name="pytest" errors="0" failures="0" skipped="0" tests="11" time="2.217" timestamp="2026-09-05T14:17:31.241870+00:00" hostname="agent-env-9d38832d-1b95-4e70-8410-8ee47f64c759"><testcase classname="tests.test_backend.TestInboxLogin" name="test_login_success" time="0.286" /><testcase classname="tests.test_backend.TestQuotePatch" name="test_patch_valid" time="0.441" /><testcase classname="tests.test_backend.TestInboxLogin" name="test_login_wrong" time="0.198" /><testcase classname="tests.test_backend.TestQuotePatch" name="test_patch_no_auth" time="0.141" /><testcase classname="tests.test_backend.TestQuotesAuth" name="test_get_quotes_no_key" time="0.155" /><testcase classname="tests.test_backend.TestQuotePatch" name="test_patch_invalid_status" time="0.412" /><testcase classname="tests.test_backend.TestQuotesAuth" name="test_get_quotes_with_key_returns_list_sorted" time="0.335" /><testcase classname="tests.test_backend.TestQuoteDelete" name="test_delete_no_auth" time="0.117" /><testcase classname="tests.test_backend.TestQuotePatch" name="test_patch_unknown_id" time="0.159" /><testcase classname="tests.test_backend.TestQuoteDelete" name="test_delete_success" time="0.416" /><testcase classname="tests.test_backend.TestQuoteCreate" name="test_public_create_no_auth" time="0.501" /></testsuite></testsuites>